<?xml version="1.0" encoding="UTF-8"?>
<!-- Generated by org.testng.reporters.JUnitXMLReporter -->
<testsuite ignored="0" hostname="BoratekiMini.fios-router.home" failures="0" tests="3" name="Default test" time="0.03" errors="0" timestamp="2023-03-18T12:39:58 EDT">
  <testcase classname="learnTestNG.LearnBeforeAfter2" name="test1" time="0.003"/>
  <testcase classname="learnTestNG.LearnBeforeAfter2" name="test2" time="0.0"/>
  <testcase classname="learnTestNG.LearnBeforeAfter2" name="test3" time="0.001"/>
</testsuite> <!-- Default test -->
