<?xml version="1.0" encoding="UTF-8"?>
<!-- Generated by org.testng.reporters.JUnitXMLReporter -->
<testsuite ignored="0" hostname="BoratekiMini.fios-router.home" failures="0" tests="3" name="TestNG_Test" time="0.04" errors="0" timestamp="2023-03-18T12:49:18 EDT">
  <testcase classname="learnTestNG.LearnBeforeAfter" name="test1" time="0.003"/>
  <testcase classname="learnTestNG.LearnBeforeAfter" name="test2" time="0.001"/>
  <testcase classname="learnTestNG.LearnBeforeAfter" name="test3" time="0.0"/>
</testsuite> <!-- TestNG_Test -->
